{"/home/simon/stage-simone/NestTutorial/cats/src/app.controller.ts": {"path":"/home/simon/stage-simone/NestTutorial/cats/src/app.controller.ts","statementMap":{"0":{"start":{"line":1,"column":0},"end":{"line":1,"column":49}},"1":{"start":{"line":2,"column":0},"end":{"line":2,"column":43}},"2":{"start":{"line":5,"column":7},"end":{"line":12,"column":null}},"3":{"start":{"line":6,"column":31},"end":{"line":6,"column":43}},"4":{"start":{"line":10,"column":4},"end":{"line":10,"column":38}},"5":{"start":{"line":5,"column":13},"end":{"line":5,"column":26}},"6":{"start":{"line":9,"column":2},"end":{"line":11,"column":null}},"7":{"start":{"line":5,"column":13},"end":{"line":12,"column":null}}},"fnMap":{"0":{"name":"(anonymous_2)","decl":{"start":{"line":6,"column":2},"end":{"line":6,"column":31}},"loc":{"start":{"line":6,"column":53},"end":{"line":6,"column":57}}},"1":{"name":"(anonymous_3)","decl":{"start":{"line":9,"column":2},"end":{"line":9,"column":10}},"loc":{"start":{"line":9,"column":10},"end":{"line":11,"column":3}}}},"branchMap":{},"s":{"0":0,"1":0,"2":0,"3":0,"4":0,"5":0,"6":0,"7":0},"f":{"0":0,"1":0},"b":{}}
,"/home/simon/stage-simone/NestTutorial/cats/src/app.service.ts": {"path":"/home/simon/stage-simone/NestTutorial/cats/src/app.service.ts","statementMap":{"0":{"start":{"line":1,"column":0},"end":{"line":1,"column":44}},"1":{"start":{"line":4,"column":7},"end":{"line":8,"column":null}},"2":{"start":{"line":6,"column":4},"end":{"line":6,"column":26}},"3":{"start":{"line":4,"column":13},"end":{"line":4,"column":23}},"4":{"start":{"line":4,"column":13},"end":{"line":8,"column":null}}},"fnMap":{"0":{"name":"(anonymous_1)","decl":{"start":{"line":5,"column":2},"end":{"line":5,"column":10}},"loc":{"start":{"line":5,"column":10},"end":{"line":7,"column":3}}}},"branchMap":{},"s":{"0":0,"1":0,"2":0,"3":0,"4":0},"f":{"0":0},"b":{}}
,"/home/simon/stage-simone/NestTutorial/cats/src/cats/cats.controller.ts": {"path":"/home/simon/stage-simone/NestTutorial/cats/src/cats/cats.controller.ts","statementMap":{"0":{"start":{"line":1,"column":13},"end":{"line":1,"column":43}},"1":{"start":{"line":2,"column":0},"end":{"line":2,"column":null}},"2":{"start":{"line":15,"column":0},"end":{"line":15,"column":51}},"3":{"start":{"line":16,"column":0},"end":{"line":16,"column":61}},"4":{"start":{"line":18,"column":0},"end":{"line":18,"column":42}},"5":{"start":{"line":19,"column":0},"end":{"line":19,"column":52}},"6":{"start":{"line":22,"column":7},"end":{"line":63,"column":null}},"7":{"start":{"line":25,"column":23},"end":{"line":25,"column":44}},"8":{"start":{"line":30,"column":4},"end":{"line":30,"column":38}},"9":{"start":{"line":35,"column":18},"end":{"line":35,"column":42}},"10":{"start":{"line":36,"column":4},"end":{"line":36,"column":49}},"11":{"start":{"line":41,"column":4},"end":{"line":41,"column":40}},"12":{"start":{"line":46,"column":18},"end":{"line":46,"column":38}},"13":{"start":{"line":47,"column":4},"end":{"line":47,"column":42}},"14":{"start":{"line":55,"column":18},"end":{"line":55,"column":38}},"15":{"start":{"line":56,"column":4},"end":{"line":56,"column":46}},"16":{"start":{"line":61,"column":4},"end":{"line":61,"column":39}},"17":{"start":{"line":22,"column":13},"end":{"line":22,"column":27}},"18":{"start":{"line":29,"column":2},"end":{"line":31,"column":null}},"19":{"start":{"line":34,"column":2},"end":{"line":37,"column":null}},"20":{"start":{"line":40,"column":2},"end":{"line":42,"column":null}},"21":{"start":{"line":45,"column":2},"end":{"line":48,"column":null}},"22":{"start":{"line":51,"column":2},"end":{"line":57,"column":null}},"23":{"start":{"line":60,"column":2},"end":{"line":62,"column":null}},"24":{"start":{"line":22,"column":13},"end":{"line":63,"column":null}}},"fnMap":{"0":{"name":"(anonymous_4)","decl":{"start":{"line":23,"column":2},"end":{"line":23,"column":null}},"loc":{"start":{"line":25,"column":44},"end":{"line":26,"column":8}}},"1":{"name":"(anonymous_5)","decl":{"start":{"line":29,"column":2},"end":{"line":29,"column":9}},"loc":{"start":{"line":29,"column":9},"end":{"line":31,"column":3}}},"2":{"name":"(anonymous_6)","decl":{"start":{"line":34,"column":2},"end":{"line":34,"column":15}},"loc":{"start":{"line":34,"column":49},"end":{"line":37,"column":3}}},"3":{"name":"(anonymous_7)","decl":{"start":{"line":40,"column":2},"end":{"line":40,"column":9}},"loc":{"start":{"line":40,"column":48},"end":{"line":42,"column":3}}},"4":{"name":"(anonymous_8)","decl":{"start":{"line":45,"column":2},"end":{"line":45,"column":8}},"loc":{"start":{"line":45,"column":43},"end":{"line":48,"column":3}}},"5":{"name":"(anonymous_9)","decl":{"start":{"line":51,"column":2},"end":{"line":51,"column":8}},"loc":{"start":{"line":53,"column":38},"end":{"line":57,"column":3}}},"6":{"name":"(anonymous_10)","decl":{"start":{"line":60,"column":2},"end":{"line":60,"column":8}},"loc":{"start":{"line":60,"column":47},"end":{"line":62,"column":3}}}},"branchMap":{},"s":{"0":1,"1":1,"2":1,"3":1,"4":1,"5":1,"6":1,"7":1,"8":4,"9":10,"10":10,"11":5,"12":2,"13":2,"14":2,"15":2,"16":2,"17":1,"18":1,"19":1,"20":1,"21":1,"22":1,"23":1,"24":1},"f":{"0":1,"1":4,"2":10,"3":5,"4":2,"5":2,"6":2},"b":{}}
,"/home/simon/stage-simone/NestTutorial/cats/src/cats/cats.service.spec.ts": {"path":"/home/simon/stage-simone/NestTutorial/cats/src/cats/cats.service.spec.ts","statementMap":{"0":{"start":{"line":14,"column":0},"end":{"line":14,"column":58}},"1":{"start":{"line":14,"column":25},"end":{"line":14,"column":55}},"2":{"start":{"line":14,"column":37},"end":{"line":14,"column":53}},"3":{"start":{"line":1,"column":0},"end":{"line":1,"column":51}},"4":{"start":{"line":2,"column":0},"end":{"line":2,"column":54}},"5":{"start":{"line":5,"column":0},"end":{"line":5,"column":52}},"6":{"start":{"line":8,"column":0},"end":{"line":8,"column":62}},"7":{"start":{"line":10,"column":0},"end":{"line":10,"column":72}},"8":{"start":{"line":16,"column":0},"end":{"line":150,"column":3}},"9":{"start":{"line":20,"column":26},"end":{"line":25,"column":4}},"10":{"start":{"line":27,"column":37},"end":{"line":31,"column":4}},"11":{"start":{"line":33,"column":2},"end":{"line":46,"column":5}},"12":{"start":{"line":34,"column":34},"end":{"line":42,"column":16}},"13":{"start":{"line":44,"column":4},"end":{"line":44,"column":51}},"14":{"start":{"line":45,"column":4},"end":{"line":45,"column":55}},"15":{"start":{"line":49,"column":2},"end":{"line":58,"column":5}},"16":{"start":{"line":50,"column":4},"end":{"line":57,"column":7}},"17":{"start":{"line":51,"column":21},"end":{"line":51,"column":55}},"18":{"start":{"line":53,"column":6},"end":{"line":56,"column":9}},"19":{"start":{"line":61,"column":2},"end":{"line":84,"column":5}},"20":{"start":{"line":62,"column":4},"end":{"line":77,"column":7}},"21":{"start":{"line":63,"column":6},"end":{"line":63,"column":41}},"22":{"start":{"line":65,"column":32},"end":{"line":69,"column":8}},"23":{"start":{"line":71,"column":21},"end":{"line":71,"column":61}},"24":{"start":{"line":73,"column":6},"end":{"line":76,"column":9}},"25":{"start":{"line":79,"column":4},"end":{"line":83,"column":7}},"26":{"start":{"line":80,"column":6},"end":{"line":82,"column":43}},"27":{"start":{"line":87,"column":2},"end":{"line":104,"column":5}},"28":{"start":{"line":88,"column":4},"end":{"line":97,"column":7}},"29":{"start":{"line":89,"column":6},"end":{"line":89,"column":41}},"30":{"start":{"line":91,"column":21},"end":{"line":91,"column":56}},"31":{"start":{"line":93,"column":6},"end":{"line":96,"column":9}},"32":{"start":{"line":99,"column":4},"end":{"line":103,"column":7}},"33":{"start":{"line":100,"column":6},"end":{"line":102,"column":43}},"34":{"start":{"line":107,"column":2},"end":{"line":115,"column":5}},"35":{"start":{"line":108,"column":4},"end":{"line":114,"column":7}},"36":{"start":{"line":109,"column":6},"end":{"line":109,"column":41}},"37":{"start":{"line":111,"column":21},"end":{"line":111,"column":44}},"38":{"start":{"line":113,"column":6},"end":{"line":113,"column":43}},"39":{"start":{"line":118,"column":2},"end":{"line":132,"column":5}},"40":{"start":{"line":119,"column":4},"end":{"line":125,"column":7}},"41":{"start":{"line":120,"column":6},"end":{"line":120,"column":41}},"42":{"start":{"line":122,"column":21},"end":{"line":122,"column":64}},"43":{"start":{"line":124,"column":6},"end":{"line":124,"column":43}},"44":{"start":{"line":127,"column":4},"end":{"line":131,"column":7}},"45":{"start":{"line":128,"column":21},"end":{"line":128,"column":64}},"46":{"start":{"line":130,"column":6},"end":{"line":130,"column":33}},"47":{"start":{"line":135,"column":2},"end":{"line":149,"column":5}},"48":{"start":{"line":136,"column":4},"end":{"line":142,"column":7}},"49":{"start":{"line":137,"column":6},"end":{"line":137,"column":41}},"50":{"start":{"line":139,"column":21},"end":{"line":139,"column":57}},"51":{"start":{"line":141,"column":6},"end":{"line":141,"column":41}},"52":{"start":{"line":144,"column":4},"end":{"line":148,"column":7}},"53":{"start":{"line":145,"column":6},"end":{"line":147,"column":43}}},"fnMap":{"0":{"name":"(anonymous_0)","decl":{"start":{"line":14,"column":18},"end":{"line":14,"column":21}},"loc":{"start":{"line":14,"column":25},"end":{"line":14,"column":55}}},"1":{"name":"(anonymous_1)","decl":{"start":{"line":14,"column":31},"end":{"line":14,"column":34}},"loc":{"start":{"line":14,"column":37},"end":{"line":14,"column":53}}},"2":{"name":"(anonymous_2)","decl":{"start":{"line":16,"column":24},"end":{"line":16,"column":27}},"loc":{"start":{"line":16,"column":29},"end":{"line":150,"column":1}}},"3":{"name":"(anonymous_3)","decl":{"start":{"line":33,"column":13},"end":{"line":33,"column":18}},"loc":{"start":{"line":33,"column":24},"end":{"line":46,"column":3}}},"4":{"name":"(anonymous_4)","decl":{"start":{"line":49,"column":21},"end":{"line":49,"column":24}},"loc":{"start":{"line":49,"column":26},"end":{"line":58,"column":3}}},"5":{"name":"(anonymous_5)","decl":{"start":{"line":50,"column":57},"end":{"line":50,"column":62}},"loc":{"start":{"line":50,"column":68},"end":{"line":57,"column":5}}},"6":{"name":"(anonymous_6)","decl":{"start":{"line":61,"column":21},"end":{"line":61,"column":24}},"loc":{"start":{"line":61,"column":26},"end":{"line":84,"column":3}}},"7":{"name":"(anonymous_7)","decl":{"start":{"line":62,"column":40},"end":{"line":62,"column":45}},"loc":{"start":{"line":62,"column":51},"end":{"line":77,"column":5}}},"8":{"name":"(anonymous_8)","decl":{"start":{"line":79,"column":40},"end":{"line":79,"column":45}},"loc":{"start":{"line":79,"column":51},"end":{"line":83,"column":5}}},"9":{"name":"(anonymous_9)","decl":{"start":{"line":87,"column":21},"end":{"line":87,"column":24}},"loc":{"start":{"line":87,"column":26},"end":{"line":104,"column":3}}},"10":{"name":"(anonymous_10)","decl":{"start":{"line":88,"column":40},"end":{"line":88,"column":45}},"loc":{"start":{"line":88,"column":51},"end":{"line":97,"column":5}}},"11":{"name":"(anonymous_11)","decl":{"start":{"line":99,"column":40},"end":{"line":99,"column":45}},"loc":{"start":{"line":99,"column":51},"end":{"line":103,"column":5}}},"12":{"name":"(anonymous_12)","decl":{"start":{"line":107,"column":22},"end":{"line":107,"column":25}},"loc":{"start":{"line":107,"column":27},"end":{"line":115,"column":3}}},"13":{"name":"(anonymous_13)","decl":{"start":{"line":108,"column":33},"end":{"line":108,"column":38}},"loc":{"start":{"line":108,"column":44},"end":{"line":114,"column":5}}},"14":{"name":"(anonymous_14)","decl":{"start":{"line":118,"column":28},"end":{"line":118,"column":31}},"loc":{"start":{"line":118,"column":33},"end":{"line":132,"column":3}}},"15":{"name":"(anonymous_15)","decl":{"start":{"line":119,"column":44},"end":{"line":119,"column":49}},"loc":{"start":{"line":119,"column":55},"end":{"line":125,"column":5}}},"16":{"name":"(anonymous_16)","decl":{"start":{"line":127,"column":53},"end":{"line":127,"column":58}},"loc":{"start":{"line":127,"column":64},"end":{"line":131,"column":5}}},"17":{"name":"(anonymous_17)","decl":{"start":{"line":135,"column":22},"end":{"line":135,"column":25}},"loc":{"start":{"line":135,"column":27},"end":{"line":149,"column":3}}},"18":{"name":"(anonymous_18)","decl":{"start":{"line":136,"column":30},"end":{"line":136,"column":35}},"loc":{"start":{"line":136,"column":41},"end":{"line":142,"column":5}}},"19":{"name":"(anonymous_19)","decl":{"start":{"line":144,"column":40},"end":{"line":144,"column":45}},"loc":{"start":{"line":144,"column":51},"end":{"line":148,"column":5}}}},"branchMap":{},"s":{"0":0,"1":0,"2":0,"3":0,"4":0,"5":0,"6":0,"7":0,"8":0,"9":0,"10":0,"11":0,"12":0,"13":0,"14":0,"15":0,"16":0,"17":0,"18":0,"19":0,"20":0,"21":0,"22":0,"23":0,"24":0,"25":0,"26":0,"27":0,"28":0,"29":0,"30":0,"31":0,"32":0,"33":0,"34":0,"35":0,"36":0,"37":0,"38":0,"39":0,"40":0,"41":0,"42":0,"43":0,"44":0,"45":0,"46":0,"47":0,"48":0,"49":0,"50":0,"51":0,"52":0,"53":0},"f":{"0":0,"1":0,"2":0,"3":0,"4":0,"5":0,"6":0,"7":0,"8":0,"9":0,"10":0,"11":0,"12":0,"13":0,"14":0,"15":0,"16":0,"17":0,"18":0,"19":0},"b":{}}
,"/home/simon/stage-simone/NestTutorial/cats/src/cats/cats.service.ts": {"path":"/home/simon/stage-simone/NestTutorial/cats/src/cats/cats.service.ts","statementMap":{"0":{"start":{"line":1,"column":13},"end":{"line":1,"column":49}},"1":{"start":{"line":2,"column":0},"end":{"line":2,"column":71}},"2":{"start":{"line":3,"column":0},"end":{"line":3,"column":34}},"3":{"start":{"line":13,"column":7},"end":{"line":93,"column":null}},"4":{"start":{"line":16,"column":21},"end":{"line":16,"column":41}},"5":{"start":{"line":20,"column":4},"end":{"line":20,"column":34}},"6":{"start":{"line":21,"column":24},"end":{"line":26,"column":6}},"7":{"start":{"line":28,"column":4},"end":{"line":28,"column":33}},"8":{"start":{"line":30,"column":28},"end":{"line":33,"column":null}},"9":{"start":{"line":34,"column":4},"end":{"line":34,"column":15}},"10":{"start":{"line":38,"column":16},"end":{"line":38,"column":43}},"11":{"start":{"line":39,"column":4},"end":{"line":41,"column":5}},"12":{"start":{"line":40,"column":6},"end":{"line":40,"column":65}},"13":{"start":{"line":43,"column":29},"end":{"line":48,"column":6}},"14":{"start":{"line":50,"column":4},"end":{"line":50,"column":56}},"15":{"start":{"line":52,"column":28},"end":{"line":55,"column":null}},"16":{"start":{"line":56,"column":4},"end":{"line":56,"column":15}},"17":{"start":{"line":60,"column":16},"end":{"line":60,"column":43}},"18":{"start":{"line":61,"column":4},"end":{"line":63,"column":5}},"19":{"start":{"line":62,"column":6},"end":{"line":62,"column":65}},"20":{"start":{"line":65,"column":4},"end":{"line":65,"column":31}},"21":{"start":{"line":67,"column":28},"end":{"line":70,"column":null}},"22":{"start":{"line":71,"column":4},"end":{"line":71,"column":15}},"23":{"start":{"line":75,"column":4},"end":{"line":75,"column":35}},"24":{"start":{"line":76,"column":4},"end":{"line":76,"column":37}},"25":{"start":{"line":80,"column":17},"end":{"line":80,"column":53}},"26":{"start":{"line":81,"column":4},"end":{"line":81,"column":16}},"27":{"start":{"line":85,"column":16},"end":{"line":85,"column":43}},"28":{"start":{"line":87,"column":4},"end":{"line":89,"column":5}},"29":{"start":{"line":88,"column":6},"end":{"line":88,"column":65}},"30":{"start":{"line":91,"column":4},"end":{"line":91,"column":15}},"31":{"start":{"line":13,"column":13},"end":{"line":13,"column":24}},"32":{"start":{"line":13,"column":13},"end":{"line":93,"column":null}}},"fnMap":{"0":{"name":"(anonymous_4)","decl":{"start":{"line":14,"column":2},"end":{"line":14,"column":null}},"loc":{"start":{"line":16,"column":41},"end":{"line":17,"column":6}}},"1":{"name":"(anonymous_5)","decl":{"start":{"line":19,"column":2},"end":{"line":19,"column":7}},"loc":{"start":{"line":19,"column":36},"end":{"line":35,"column":3}}},"2":{"name":"(anonymous_6)","decl":{"start":{"line":37,"column":2},"end":{"line":37,"column":7}},"loc":{"start":{"line":37,"column":48},"end":{"line":57,"column":3}}},"3":{"name":"(anonymous_7)","decl":{"start":{"line":59,"column":2},"end":{"line":59,"column":7}},"loc":{"start":{"line":59,"column":25},"end":{"line":72,"column":3}}},"4":{"name":"(anonymous_8)","decl":{"start":{"line":74,"column":2},"end":{"line":74,"column":7}},"loc":{"start":{"line":74,"column":15},"end":{"line":77,"column":3}}},"5":{"name":"(anonymous_9)","decl":{"start":{"line":79,"column":2},"end":{"line":79,"column":7}},"loc":{"start":{"line":79,"column":37},"end":{"line":82,"column":3}}},"6":{"name":"(anonymous_10)","decl":{"start":{"line":84,"column":2},"end":{"line":84,"column":7}},"loc":{"start":{"line":84,"column":26},"end":{"line":92,"column":3}}}},"branchMap":{"0":{"loc":{"start":{"line":39,"column":4},"end":{"line":41,"column":5}},"type":"if","locations":[{"start":{"line":39,"column":4},"end":{"line":41,"column":5}}]},"1":{"loc":{"start":{"line":61,"column":4},"end":{"line":63,"column":5}},"type":"if","locations":[{"start":{"line":61,"column":4},"end":{"line":63,"column":5}}]},"2":{"loc":{"start":{"line":87,"column":4},"end":{"line":89,"column":5}},"type":"if","locations":[{"start":{"line":87,"column":4},"end":{"line":89,"column":5}}]}},"s":{"0":1,"1":1,"2":1,"3":1,"4":1,"5":4,"6":4,"7":4,"8":4,"9":4,"10":4,"11":4,"12":2,"13":2,"14":2,"15":2,"16":2,"17":4,"18":4,"19":2,"20":2,"21":2,"22":2,"23":8,"24":8,"25":20,"26":20,"27":10,"28":10,"29":4,"30":6,"31":1,"32":1},"f":{"0":1,"1":4,"2":4,"3":4,"4":8,"5":20,"6":10},"b":{"0":[2],"1":[2],"2":[4]}}
,"/home/simon/stage-simone/NestTutorial/cats/src/cats/gatti.controller.ts": {"path":"/home/simon/stage-simone/NestTutorial/cats/src/cats/gatti.controller.ts","statementMap":{"0":{"start":{"line":1,"column":13},"end":{"line":1,"column":43}},"1":{"start":{"line":2,"column":0},"end":{"line":2,"column":null}},"2":{"start":{"line":16,"column":0},"end":{"line":16,"column":63}},"3":{"start":{"line":18,"column":0},"end":{"line":18,"column":46}},"4":{"start":{"line":19,"column":0},"end":{"line":19,"column":55}},"5":{"start":{"line":20,"column":0},"end":{"line":20,"column":54}},"6":{"start":{"line":23,"column":7},"end":{"line":64,"column":null}},"7":{"start":{"line":26,"column":23},"end":{"line":26,"column":44}},"8":{"start":{"line":31,"column":4},"end":{"line":31,"column":38}},"9":{"start":{"line":36,"column":18},"end":{"line":36,"column":43}},"10":{"start":{"line":37,"column":4},"end":{"line":37,"column":49}},"11":{"start":{"line":42,"column":4},"end":{"line":42,"column":40}},"12":{"start":{"line":47,"column":18},"end":{"line":47,"column":42}},"13":{"start":{"line":48,"column":4},"end":{"line":48,"column":42}},"14":{"start":{"line":56,"column":18},"end":{"line":56,"column":42}},"15":{"start":{"line":57,"column":4},"end":{"line":57,"column":46}},"16":{"start":{"line":62,"column":4},"end":{"line":62,"column":39}},"17":{"start":{"line":23,"column":13},"end":{"line":23,"column":28}},"18":{"start":{"line":30,"column":2},"end":{"line":32,"column":null}},"19":{"start":{"line":35,"column":2},"end":{"line":38,"column":null}},"20":{"start":{"line":41,"column":2},"end":{"line":43,"column":null}},"21":{"start":{"line":46,"column":2},"end":{"line":49,"column":null}},"22":{"start":{"line":52,"column":2},"end":{"line":58,"column":null}},"23":{"start":{"line":61,"column":2},"end":{"line":63,"column":null}},"24":{"start":{"line":23,"column":13},"end":{"line":64,"column":null}}},"fnMap":{"0":{"name":"(anonymous_4)","decl":{"start":{"line":24,"column":2},"end":{"line":24,"column":null}},"loc":{"start":{"line":26,"column":44},"end":{"line":27,"column":8}}},"1":{"name":"(anonymous_5)","decl":{"start":{"line":30,"column":2},"end":{"line":30,"column":9}},"loc":{"start":{"line":30,"column":9},"end":{"line":32,"column":3}}},"2":{"name":"(anonymous_6)","decl":{"start":{"line":35,"column":2},"end":{"line":35,"column":15}},"loc":{"start":{"line":35,"column":50},"end":{"line":38,"column":3}}},"3":{"name":"(anonymous_7)","decl":{"start":{"line":41,"column":2},"end":{"line":41,"column":9}},"loc":{"start":{"line":41,"column":48},"end":{"line":43,"column":3}}},"4":{"name":"(anonymous_8)","decl":{"start":{"line":46,"column":2},"end":{"line":46,"column":8}},"loc":{"start":{"line":46,"column":47},"end":{"line":49,"column":3}}},"5":{"name":"(anonymous_9)","decl":{"start":{"line":52,"column":2},"end":{"line":52,"column":8}},"loc":{"start":{"line":54,"column":42},"end":{"line":58,"column":3}}},"6":{"name":"(anonymous_10)","decl":{"start":{"line":61,"column":2},"end":{"line":61,"column":8}},"loc":{"start":{"line":61,"column":47},"end":{"line":63,"column":3}}}},"branchMap":{},"s":{"0":1,"1":1,"2":1,"3":1,"4":1,"5":1,"6":1,"7":1,"8":4,"9":10,"10":10,"11":5,"12":2,"13":2,"14":2,"15":2,"16":2,"17":1,"18":1,"19":1,"20":1,"21":1,"22":1,"23":1,"24":1},"f":{"0":1,"1":4,"2":10,"3":5,"4":2,"5":2,"6":2},"b":{}}
,"/home/simon/stage-simone/NestTutorial/cats/src/cats/domain/cat.class.ts": {"path":"/home/simon/stage-simone/NestTutorial/cats/src/cats/domain/cat.class.ts","statementMap":{"0":{"start":{"line":3,"column":0},"end":{"line":3,"column":13}}},"fnMap":{},"branchMap":{},"s":{"0":1},"f":{},"b":{}}
,"/home/simon/stage-simone/NestTutorial/cats/src/cats/domain/cats.color.enum.ts": {"path":"/home/simon/stage-simone/NestTutorial/cats/src/cats/domain/cats.color.enum.ts","statementMap":{"0":{"start":{"line":1,"column":0},"end":{"line":1,"column":null}},"1":{"start":{"line":2,"column":2},"end":{"line":2,"column":null}},"2":{"start":{"line":3,"column":2},"end":{"line":3,"column":null}},"3":{"start":{"line":4,"column":2},"end":{"line":4,"column":null}},"4":{"start":{"line":5,"column":2},"end":{"line":5,"column":null}},"5":{"start":{"line":6,"column":2},"end":{"line":6,"column":null}}},"fnMap":{"0":{"name":"(anonymous_0)","decl":{"start":{"line":1,"column":0},"end":{"line":1,"column":12}},"loc":{"start":{"line":1,"column":20},"end":{"line":7,"column":1}}}},"branchMap":{"0":{"loc":{"start":{"line":1,"column":12},"end":{"line":1,"column":null}},"type":"binary-expr","locations":[{"start":{"line":1,"column":12},"end":{"line":1,"column":20}},{"start":{"line":1,"column":20},"end":{"line":1,"column":null}}]}},"s":{"0":1,"1":1,"2":1,"3":1,"4":1,"5":1},"f":{"0":1},"b":{"0":[1,1]}}
,"/home/simon/stage-simone/NestTutorial/cats/src/cats/domain/cats.colori.enum.ts": {"path":"/home/simon/stage-simone/NestTutorial/cats/src/cats/domain/cats.colori.enum.ts","statementMap":{"0":{"start":{"line":1,"column":0},"end":{"line":1,"column":null}},"1":{"start":{"line":2,"column":2},"end":{"line":2,"column":null}},"2":{"start":{"line":3,"column":2},"end":{"line":3,"column":null}},"3":{"start":{"line":4,"column":2},"end":{"line":4,"column":null}},"4":{"start":{"line":5,"column":2},"end":{"line":5,"column":null}},"5":{"start":{"line":6,"column":2},"end":{"line":6,"column":null}}},"fnMap":{"0":{"name":"(anonymous_0)","decl":{"start":{"line":1,"column":0},"end":{"line":1,"column":12}},"loc":{"start":{"line":1,"column":21},"end":{"line":7,"column":1}}}},"branchMap":{"0":{"loc":{"start":{"line":1,"column":12},"end":{"line":1,"column":null}},"type":"binary-expr","locations":[{"start":{"line":1,"column":12},"end":{"line":1,"column":21}},{"start":{"line":1,"column":21},"end":{"line":1,"column":null}}]}},"s":{"0":1,"1":1,"2":1,"3":1,"4":1,"5":1},"f":{"0":1},"b":{"0":[1,1]}}
,"/home/simon/stage-simone/NestTutorial/cats/src/cats/dto/createCat.dto.ts": {"path":"/home/simon/stage-simone/NestTutorial/cats/src/cats/dto/createCat.dto.ts","statementMap":{"0":{"start":{"line":1,"column":0},"end":{"line":1,"column":73}},"1":{"start":{"line":2,"column":0},"end":{"line":2,"column":53}},"2":{"start":{"line":4,"column":0},"end":{"line":4,"column":13}},"3":{"start":{"line":7,"column":2},"end":{"line":7,"column":null}},"4":{"start":{"line":11,"column":2},"end":{"line":11,"column":null}},"5":{"start":{"line":15,"column":2},"end":{"line":15,"column":null}}},"fnMap":{},"branchMap":{},"s":{"0":1,"1":1,"2":1,"3":1,"4":1,"5":1},"f":{},"b":{}}
,"/home/simon/stage-simone/NestTutorial/cats/src/cats/dto/createGatto.dto.ts": {"path":"/home/simon/stage-simone/NestTutorial/cats/src/cats/dto/createGatto.dto.ts","statementMap":{"0":{"start":{"line":1,"column":0},"end":{"line":1,"column":73}},"1":{"start":{"line":2,"column":0},"end":{"line":2,"column":55}},"2":{"start":{"line":4,"column":0},"end":{"line":4,"column":13}},"3":{"start":{"line":7,"column":2},"end":{"line":7,"column":null}},"4":{"start":{"line":11,"column":2},"end":{"line":11,"column":null}},"5":{"start":{"line":15,"column":2},"end":{"line":15,"column":null}}},"fnMap":{},"branchMap":{},"s":{"0":1,"1":1,"2":1,"3":1,"4":1,"5":1},"f":{},"b":{}}
,"/home/simon/stage-simone/NestTutorial/cats/src/cats/dto/filterCatColor.dto.ts": {"path":"/home/simon/stage-simone/NestTutorial/cats/src/cats/dto/filterCatColor.dto.ts","statementMap":{"0":{"start":{"line":1,"column":0},"end":{"line":1,"column":46}},"1":{"start":{"line":2,"column":0},"end":{"line":2,"column":53}},"2":{"start":{"line":3,"column":0},"end":{"line":3,"column":53}},"3":{"start":{"line":5,"column":0},"end":{"line":5,"column":13}},"4":{"start":{"line":9,"column":2},"end":{"line":9,"column":null}},"5":{"start":{"line":6,"column":47},"end":{"line":6,"column":66}}},"fnMap":{"0":{"name":"(anonymous_2)","decl":{"start":{"line":6,"column":13},"end":{"line":6,"column":14}},"loc":{"start":{"line":6,"column":47},"end":{"line":6,"column":66}}}},"branchMap":{},"s":{"0":1,"1":1,"2":1,"3":1,"4":1,"5":11},"f":{"0":11},"b":{}}
,"/home/simon/stage-simone/NestTutorial/cats/src/cats/dto/filterCatColori.dto.ts": {"path":"/home/simon/stage-simone/NestTutorial/cats/src/cats/dto/filterCatColori.dto.ts","statementMap":{"0":{"start":{"line":1,"column":0},"end":{"line":1,"column":46}},"1":{"start":{"line":2,"column":0},"end":{"line":2,"column":53}},"2":{"start":{"line":3,"column":0},"end":{"line":3,"column":55}},"3":{"start":{"line":5,"column":0},"end":{"line":5,"column":13}},"4":{"start":{"line":9,"column":2},"end":{"line":9,"column":null}},"5":{"start":{"line":6,"column":47},"end":{"line":6,"column":66}}},"fnMap":{"0":{"name":"(anonymous_2)","decl":{"start":{"line":6,"column":13},"end":{"line":6,"column":14}},"loc":{"start":{"line":6,"column":47},"end":{"line":6,"column":66}}}},"branchMap":{},"s":{"0":1,"1":1,"2":1,"3":1,"4":1,"5":11},"f":{"0":11},"b":{}}
,"/home/simon/stage-simone/NestTutorial/cats/src/cats/dto/map/mapCat.ts": {"path":"/home/simon/stage-simone/NestTutorial/cats/src/cats/dto/map/mapCat.ts","statementMap":{"0":{"start":{"line":4,"column":0},"end":{"line":4,"column":16}},"1":{"start":{"line":5,"column":2},"end":{"line":9,"column":4}}},"fnMap":{"0":{"name":"mapCat","decl":{"start":{"line":4,"column":16},"end":{"line":4,"column":22}},"loc":{"start":{"line":4,"column":40},"end":{"line":10,"column":1}}}},"branchMap":{},"s":{"0":1,"1":4},"f":{"0":4},"b":{}}
,"/home/simon/stage-simone/NestTutorial/cats/src/cats/dto/map/mapCatColor.ts": {"path":"/home/simon/stage-simone/NestTutorial/cats/src/cats/dto/map/mapCatColor.ts","statementMap":{"0":{"start":{"line":5,"column":0},"end":{"line":5,"column":16}},"1":{"start":{"line":1,"column":0},"end":{"line":1,"column":56}},"2":{"start":{"line":6,"column":4},"end":{"line":21,"column":5}},"3":{"start":{"line":8,"column":6},"end":{"line":8,"column":28}},"4":{"start":{"line":11,"column":6},"end":{"line":11,"column":28}},"5":{"start":{"line":14,"column":6},"end":{"line":14,"column":27}},"6":{"start":{"line":17,"column":6},"end":{"line":17,"column":29}},"7":{"start":{"line":20,"column":6},"end":{"line":20,"column":28}}},"fnMap":{"0":{"name":"mapCatColor","decl":{"start":{"line":5,"column":16},"end":{"line":5,"column":27}},"loc":{"start":{"line":5,"column":43},"end":{"line":22,"column":1}}}},"branchMap":{"0":{"loc":{"start":{"line":6,"column":4},"end":{"line":21,"column":5}},"type":"switch","locations":[{"start":{"line":7,"column":4},"end":{"line":8,"column":28}},{"start":{"line":10,"column":4},"end":{"line":11,"column":28}},{"start":{"line":13,"column":4},"end":{"line":14,"column":27}},{"start":{"line":16,"column":4},"end":{"line":17,"column":29}},{"start":{"line":19,"column":4},"end":{"line":20,"column":28}}]}},"s":{"0":1,"1":1,"2":10,"3":3,"4":3,"5":0,"6":4,"7":0},"f":{"0":10},"b":{"0":[3,3,0,4,0]}}
,"/home/simon/stage-simone/NestTutorial/cats/src/cats/dto/map/mapCatColori.ts": {"path":"/home/simon/stage-simone/NestTutorial/cats/src/cats/dto/map/mapCatColori.ts","statementMap":{"0":{"start":{"line":5,"column":0},"end":{"line":5,"column":16}},"1":{"start":{"line":1,"column":0},"end":{"line":1,"column":56}},"2":{"start":{"line":2,"column":0},"end":{"line":2,"column":58}},"3":{"start":{"line":6,"column":4},"end":{"line":21,"column":5}},"4":{"start":{"line":8,"column":6},"end":{"line":8,"column":28}},"5":{"start":{"line":11,"column":6},"end":{"line":11,"column":28}},"6":{"start":{"line":14,"column":6},"end":{"line":14,"column":27}},"7":{"start":{"line":17,"column":6},"end":{"line":17,"column":29}},"8":{"start":{"line":20,"column":6},"end":{"line":20,"column":28}}},"fnMap":{"0":{"name":"mapCatColori","decl":{"start":{"line":5,"column":16},"end":{"line":5,"column":28}},"loc":{"start":{"line":5,"column":45},"end":{"line":22,"column":1}}}},"branchMap":{"0":{"loc":{"start":{"line":6,"column":4},"end":{"line":21,"column":5}},"type":"switch","locations":[{"start":{"line":7,"column":4},"end":{"line":8,"column":28}},{"start":{"line":10,"column":4},"end":{"line":11,"column":28}},{"start":{"line":13,"column":4},"end":{"line":14,"column":27}},{"start":{"line":16,"column":4},"end":{"line":17,"column":29}},{"start":{"line":19,"column":4},"end":{"line":20,"column":28}}]}},"s":{"0":1,"1":1,"2":1,"3":14,"4":4,"5":4,"6":0,"7":6,"8":0},"f":{"0":14},"b":{"0":[4,4,0,6,0]}}
,"/home/simon/stage-simone/NestTutorial/cats/src/cats/dto/map/mapGatto.ts": {"path":"/home/simon/stage-simone/NestTutorial/cats/src/cats/dto/map/mapGatto.ts","statementMap":{"0":{"start":{"line":5,"column":0},"end":{"line":5,"column":16}},"1":{"start":{"line":3,"column":0},"end":{"line":3,"column":46}},"2":{"start":{"line":6,"column":2},"end":{"line":10,"column":4}}},"fnMap":{"0":{"name":"mapGatto","decl":{"start":{"line":5,"column":16},"end":{"line":5,"column":24}},"loc":{"start":{"line":5,"column":44},"end":{"line":11,"column":1}}}},"branchMap":{},"s":{"0":1,"1":1,"2":4},"f":{"0":4},"b":{}}
,"/home/simon/stage-simone/NestTutorial/cats/src/cats/exceptions/color-not-found.exception.ts": {"path":"/home/simon/stage-simone/NestTutorial/cats/src/cats/exceptions/color-not-found.exception.ts","statementMap":{"0":{"start":{"line":1,"column":0},"end":{"line":1,"column":51}},"1":{"start":{"line":5,"column":4},"end":{"line":5,"column":49}},"2":{"start":{"line":3,"column":0},"end":{"line":3,"column":13}}},"fnMap":{"0":{"name":"(anonymous_0)","decl":{"start":{"line":4,"column":2},"end":{"line":4,"column":14}},"loc":{"start":{"line":4,"column":27},"end":{"line":6,"column":3}}}},"branchMap":{},"s":{"0":0,"1":0,"2":0},"f":{"0":0},"b":{}}
,"/home/simon/stage-simone/NestTutorial/cats/src/cats/repo/catsFake.repository.ts": {"path":"/home/simon/stage-simone/NestTutorial/cats/src/cats/repo/catsFake.repository.ts","statementMap":{"0":{"start":{"line":1,"column":0},"end":{"line":1,"column":44}},"1":{"start":{"line":7,"column":7},"end":{"line":36,"column":null}},"2":{"start":{"line":8,"column":10},"end":{"line":8,"column":27}},"3":{"start":{"line":11,"column":4},"end":{"line":11,"column":24}},"4":{"start":{"line":15,"column":18},"end":{"line":15,"column":57}},"5":{"start":{"line":15,"column":45},"end":{"line":15,"column":56}},"6":{"start":{"line":16,"column":4},"end":{"line":16,"column":29}},"7":{"start":{"line":16,"column":22},"end":{"line":16,"column":29}},"8":{"start":{"line":18,"column":4},"end":{"line":18,"column":27}},"9":{"start":{"line":22,"column":4},"end":{"line":22,"column":53}},"10":{"start":{"line":22,"column":40},"end":{"line":22,"column":51}},"11":{"start":{"line":26,"column":4},"end":{"line":26,"column":21}},"12":{"start":{"line":30,"column":4},"end":{"line":30,"column":46}},"13":{"start":{"line":30,"column":33},"end":{"line":30,"column":44}},"14":{"start":{"line":34,"column":4},"end":{"line":34,"column":54}},"15":{"start":{"line":34,"column":35},"end":{"line":34,"column":52}},"16":{"start":{"line":7,"column":13},"end":{"line":7,"column":31}},"17":{"start":{"line":7,"column":13},"end":{"line":36,"column":null}}},"fnMap":{"0":{"name":"(anonymous_1)","decl":{"start":{"line":7,"column":7},"end":{"line":7,"column":13}},"loc":{"start":{"line":7,"column":7},"end":{"line":36,"column":1}}},"1":{"name":"(anonymous_2)","decl":{"start":{"line":10,"column":2},"end":{"line":10,"column":7}},"loc":{"start":{"line":10,"column":21},"end":{"line":12,"column":3}}},"2":{"name":"(anonymous_3)","decl":{"start":{"line":14,"column":2},"end":{"line":14,"column":7}},"loc":{"start":{"line":14,"column":35},"end":{"line":19,"column":3}}},"3":{"name":"(anonymous_4)","decl":{"start":{"line":15,"column":38},"end":{"line":15,"column":39}},"loc":{"start":{"line":15,"column":45},"end":{"line":15,"column":56}}},"4":{"name":"(anonymous_5)","decl":{"start":{"line":21,"column":2},"end":{"line":21,"column":7}},"loc":{"start":{"line":21,"column":25},"end":{"line":23,"column":3}}},"5":{"name":"(anonymous_6)","decl":{"start":{"line":22,"column":33},"end":{"line":22,"column":34}},"loc":{"start":{"line":22,"column":40},"end":{"line":22,"column":51}}},"6":{"name":"(anonymous_7)","decl":{"start":{"line":25,"column":2},"end":{"line":25,"column":7}},"loc":{"start":{"line":25,"column":15},"end":{"line":27,"column":3}}},"7":{"name":"(anonymous_8)","decl":{"start":{"line":29,"column":2},"end":{"line":29,"column":7}},"loc":{"start":{"line":29,"column":26},"end":{"line":31,"column":3}}},"8":{"name":"(anonymous_9)","decl":{"start":{"line":30,"column":26},"end":{"line":30,"column":27}},"loc":{"start":{"line":30,"column":33},"end":{"line":30,"column":44}}},"9":{"name":"(anonymous_10)","decl":{"start":{"line":33,"column":2},"end":{"line":33,"column":7}},"loc":{"start":{"line":33,"column":37},"end":{"line":35,"column":3}}},"10":{"name":"(anonymous_11)","decl":{"start":{"line":34,"column":28},"end":{"line":34,"column":29}},"loc":{"start":{"line":34,"column":35},"end":{"line":34,"column":52}}}},"branchMap":{"0":{"loc":{"start":{"line":16,"column":4},"end":{"line":16,"column":29}},"type":"if","locations":[{"start":{"line":16,"column":4},"end":{"line":16,"column":29}}]}},"s":{"0":0,"1":0,"2":0,"3":0,"4":0,"5":0,"6":0,"7":0,"8":0,"9":0,"10":0,"11":0,"12":0,"13":0,"14":0,"15":0,"16":0,"17":0},"f":{"0":0,"1":0,"2":0,"3":0,"4":0,"5":0,"6":0,"7":0,"8":0,"9":0,"10":0},"b":{"0":[0]}}
,"/home/simon/stage-simone/NestTutorial/cats/src/cats/repo/catsInMemory.repository.ts": {"path":"/home/simon/stage-simone/NestTutorial/cats/src/cats/repo/catsInMemory.repository.ts","statementMap":{"0":{"start":{"line":1,"column":0},"end":{"line":1,"column":44}},"1":{"start":{"line":7,"column":7},"end":{"line":58,"column":null}},"2":{"start":{"line":8,"column":10},"end":{"line":8,"column":44}},"3":{"start":{"line":9,"column":10},"end":{"line":9,"column":57}},"4":{"start":{"line":12,"column":4},"end":{"line":14,"column":5}},"5":{"start":{"line":13,"column":6},"end":{"line":13,"column":49}},"6":{"start":{"line":15,"column":4},"end":{"line":15,"column":49}},"7":{"start":{"line":19,"column":4},"end":{"line":19,"column":35}},"8":{"start":{"line":20,"column":4},"end":{"line":20,"column":29}},"9":{"start":{"line":24,"column":19},"end":{"line":24,"column":40}},"10":{"start":{"line":26,"column":4},"end":{"line":28,"column":5}},"11":{"start":{"line":27,"column":6},"end":{"line":27,"column":53}},"12":{"start":{"line":30,"column":4},"end":{"line":30,"column":19}},"13":{"start":{"line":34,"column":16},"end":{"line":34,"column":37}},"14":{"start":{"line":36,"column":4},"end":{"line":36,"column":21}},"15":{"start":{"line":36,"column":14},"end":{"line":36,"column":21}},"16":{"start":{"line":38,"column":4},"end":{"line":38,"column":29}},"17":{"start":{"line":39,"column":4},"end":{"line":39,"column":48}},"18":{"start":{"line":43,"column":4},"end":{"line":43,"column":46}},"19":{"start":{"line":47,"column":4},"end":{"line":47,"column":33}},"20":{"start":{"line":51,"column":16},"end":{"line":51,"column":43}},"21":{"start":{"line":52,"column":4},"end":{"line":52,"column":24}},"22":{"start":{"line":52,"column":14},"end":{"line":52,"column":24}},"23":{"start":{"line":54,"column":4},"end":{"line":56,"column":54}},"24":{"start":{"line":55,"column":19},"end":{"line":55,"column":40}},"25":{"start":{"line":56,"column":35},"end":{"line":56,"column":52}},"26":{"start":{"line":7,"column":13},"end":{"line":7,"column":35}},"27":{"start":{"line":7,"column":13},"end":{"line":58,"column":null}}},"fnMap":{"0":{"name":"(anonymous_1)","decl":{"start":{"line":7,"column":7},"end":{"line":7,"column":13}},"loc":{"start":{"line":7,"column":7},"end":{"line":58,"column":1}}},"1":{"name":"(anonymous_2)","decl":{"start":{"line":11,"column":10},"end":{"line":11,"column":24}},"loc":{"start":{"line":11,"column":33},"end":{"line":16,"column":3}}},"2":{"name":"(anonymous_3)","decl":{"start":{"line":18,"column":2},"end":{"line":18,"column":7}},"loc":{"start":{"line":18,"column":21},"end":{"line":21,"column":3}}},"3":{"name":"(anonymous_4)","decl":{"start":{"line":23,"column":2},"end":{"line":23,"column":7}},"loc":{"start":{"line":23,"column":35},"end":{"line":31,"column":3}}},"4":{"name":"(anonymous_5)","decl":{"start":{"line":33,"column":2},"end":{"line":33,"column":7}},"loc":{"start":{"line":33,"column":25},"end":{"line":40,"column":3}}},"5":{"name":"(anonymous_6)","decl":{"start":{"line":42,"column":2},"end":{"line":42,"column":7}},"loc":{"start":{"line":42,"column":15},"end":{"line":44,"column":3}}},"6":{"name":"(anonymous_7)","decl":{"start":{"line":46,"column":2},"end":{"line":46,"column":7}},"loc":{"start":{"line":46,"column":26},"end":{"line":48,"column":3}}},"7":{"name":"(anonymous_8)","decl":{"start":{"line":50,"column":2},"end":{"line":50,"column":7}},"loc":{"start":{"line":50,"column":37},"end":{"line":57,"column":3}}},"8":{"name":"(anonymous_9)","decl":{"start":{"line":55,"column":11},"end":{"line":55,"column":12}},"loc":{"start":{"line":55,"column":19},"end":{"line":55,"column":40}}},"9":{"name":"(anonymous_10)","decl":{"start":{"line":56,"column":14},"end":{"line":56,"column":15}},"loc":{"start":{"line":56,"column":35},"end":{"line":56,"column":52}}}},"branchMap":{"0":{"loc":{"start":{"line":12,"column":4},"end":{"line":14,"column":5}},"type":"if","locations":[{"start":{"line":12,"column":4},"end":{"line":14,"column":5}}]},"1":{"loc":{"start":{"line":26,"column":4},"end":{"line":28,"column":5}},"type":"if","locations":[{"start":{"line":26,"column":4},"end":{"line":28,"column":5}}]},"2":{"loc":{"start":{"line":36,"column":4},"end":{"line":36,"column":21}},"type":"if","locations":[{"start":{"line":36,"column":4},"end":{"line":36,"column":21}}]},"3":{"loc":{"start":{"line":52,"column":4},"end":{"line":52,"column":24}},"type":"if","locations":[{"start":{"line":52,"column":4},"end":{"line":52,"column":24}}]}},"s":{"0":0,"1":0,"2":0,"3":0,"4":0,"5":0,"6":0,"7":0,"8":0,"9":0,"10":0,"11":0,"12":0,"13":0,"14":0,"15":0,"16":0,"17":0,"18":0,"19":0,"20":0,"21":0,"22":0,"23":0,"24":0,"25":0,"26":0,"27":0},"f":{"0":0,"1":0,"2":0,"3":0,"4":0,"5":0,"6":0,"7":0,"8":0,"9":0},"b":{"0":[0],"1":[0],"2":[0],"3":[0]}}
,"/home/simon/stage-simone/NestTutorial/cats/src/cats/repo/catsMongo.repository.ts": {"path":"/home/simon/stage-simone/NestTutorial/cats/src/cats/repo/catsMongo.repository.ts","statementMap":{"0":{"start":{"line":1,"column":0},"end":{"line":1,"column":44}},"1":{"start":{"line":2,"column":0},"end":{"line":2,"column":47}},"2":{"start":{"line":3,"column":0},"end":{"line":3,"column":33}},"3":{"start":{"line":5,"column":0},"end":{"line":5,"column":42}},"4":{"start":{"line":11,"column":7},"end":{"line":59,"column":null}},"5":{"start":{"line":14,"column":21},"end":{"line":14,"column":31}},"6":{"start":{"line":18,"column":4},"end":{"line":18,"column":36}},"7":{"start":{"line":22,"column":4},"end":{"line":22,"column":47}},"8":{"start":{"line":26,"column":4},"end":{"line":26,"column":42}},"9":{"start":{"line":30,"column":17},"end":{"line":30,"column":50}},"10":{"start":{"line":32,"column":4},"end":{"line":32,"column":49}},"11":{"start":{"line":32,"column":29},"end":{"line":32,"column":47}},"12":{"start":{"line":36,"column":16},"end":{"line":36,"column":58}},"13":{"start":{"line":38,"column":4},"end":{"line":40,"column":5}},"14":{"start":{"line":39,"column":6},"end":{"line":39,"column":23}},"15":{"start":{"line":42,"column":4},"end":{"line":42,"column":30}},"16":{"start":{"line":46,"column":17},"end":{"line":46,"column":59}},"17":{"start":{"line":48,"column":4},"end":{"line":48,"column":49}},"18":{"start":{"line":48,"column":29},"end":{"line":48,"column":47}},"19":{"start":{"line":52,"column":4},"end":{"line":57,"column":6}},"20":{"start":{"line":11,"column":13},"end":{"line":11,"column":32}},"21":{"start":{"line":11,"column":13},"end":{"line":59,"column":null}}},"fnMap":{"0":{"name":"(anonymous_4)","decl":{"start":{"line":12,"column":2},"end":{"line":12,"column":null}},"loc":{"start":{"line":14,"column":49},"end":{"line":15,"column":6}}},"1":{"name":"(anonymous_5)","decl":{"start":{"line":17,"column":2},"end":{"line":17,"column":7}},"loc":{"start":{"line":17,"column":21},"end":{"line":19,"column":3}}},"2":{"name":"(anonymous_6)","decl":{"start":{"line":21,"column":2},"end":{"line":21,"column":7}},"loc":{"start":{"line":21,"column":35},"end":{"line":23,"column":3}}},"3":{"name":"(anonymous_7)","decl":{"start":{"line":25,"column":2},"end":{"line":25,"column":7}},"loc":{"start":{"line":25,"column":25},"end":{"line":27,"column":3}}},"4":{"name":"(anonymous_8)","decl":{"start":{"line":29,"column":2},"end":{"line":29,"column":7}},"loc":{"start":{"line":29,"column":15},"end":{"line":33,"column":3}}},"5":{"name":"(anonymous_9)","decl":{"start":{"line":32,"column":20},"end":{"line":32,"column":21}},"loc":{"start":{"line":32,"column":29},"end":{"line":32,"column":47}}},"6":{"name":"(anonymous_10)","decl":{"start":{"line":35,"column":2},"end":{"line":35,"column":7}},"loc":{"start":{"line":35,"column":26},"end":{"line":43,"column":3}}},"7":{"name":"(anonymous_11)","decl":{"start":{"line":45,"column":2},"end":{"line":45,"column":7}},"loc":{"start":{"line":45,"column":37},"end":{"line":49,"column":3}}},"8":{"name":"(anonymous_12)","decl":{"start":{"line":48,"column":20},"end":{"line":48,"column":21}},"loc":{"start":{"line":48,"column":29},"end":{"line":48,"column":47}}},"9":{"name":"(anonymous_13)","decl":{"start":{"line":51,"column":10},"end":{"line":51,"column":18}},"loc":{"start":{"line":51,"column":35},"end":{"line":58,"column":3}}}},"branchMap":{"0":{"loc":{"start":{"line":38,"column":4},"end":{"line":40,"column":5}},"type":"if","locations":[{"start":{"line":38,"column":4},"end":{"line":40,"column":5}}]}},"s":{"0":1,"1":1,"2":1,"3":1,"4":1,"5":1,"6":4,"7":2,"8":2,"9":8,"10":8,"11":8,"12":18,"13":18,"14":8,"15":10,"16":20,"17":20,"18":12,"19":30,"20":1,"21":1},"f":{"0":1,"1":4,"2":2,"3":2,"4":8,"5":8,"6":18,"7":20,"8":12,"9":30},"b":{"0":[8]}}
,"/home/simon/stage-simone/NestTutorial/cats/src/cats/schemas/cat.schema.ts": {"path":"/home/simon/stage-simone/NestTutorial/cats/src/cats/schemas/cat.schema.ts","statementMap":{"0":{"start":{"line":1,"column":0},"end":{"line":1,"column":61}},"1":{"start":{"line":7,"column":7},"end":{"line":19,"column":null}},"2":{"start":{"line":7,"column":13},"end":{"line":7,"column":16}},"3":{"start":{"line":9,"column":2},"end":{"line":9,"column":null}},"4":{"start":{"line":12,"column":2},"end":{"line":12,"column":null}},"5":{"start":{"line":15,"column":2},"end":{"line":15,"column":null}},"6":{"start":{"line":18,"column":2},"end":{"line":18,"column":null}},"7":{"start":{"line":7,"column":13},"end":{"line":19,"column":null}},"8":{"start":{"line":20,"column":13},"end":{"line":20,"column":59}}},"fnMap":{},"branchMap":{},"s":{"0":1,"1":1,"2":1,"3":1,"4":1,"5":1,"6":1,"7":1,"8":1},"f":{},"b":{}}
}
