TN:
SF:src/app.controller.ts
FN:6,(anonymous_2)
FN:9,(anonymous_3)
FNF:2
FNH:0
FNDA:0,(anonymous_2)
FNDA:0,(anonymous_3)
DA:1,0
DA:2,0
DA:5,0
DA:6,0
DA:9,0
DA:10,0
LF:6
LH:0
BRF:0
BRH:0
end_of_record
TN:
SF:src/app.service.ts
FN:5,(anonymous_1)
FNF:1
FNH:0
FNDA:0,(anonymous_1)
DA:1,0
DA:4,0
DA:6,0
LF:3
LH:0
BRF:0
BRH:0
end_of_record
TN:
SF:src/cats/cats.controller.ts
FN:23,(anonymous_4)
FN:29,(anonymous_5)
FN:34,(anonymous_6)
FN:40,(anonymous_7)
FN:45,(anonymous_8)
FN:51,(anonymous_9)
FN:60,(anonymous_10)
FNF:7
FNH:7
FNDA:1,(anonymous_4)
FNDA:4,(anonymous_5)
FNDA:10,(anonymous_6)
FNDA:5,(anonymous_7)
FNDA:2,(anonymous_8)
FNDA:2,(anonymous_9)
FNDA:2,(anonymous_10)
DA:1,1
DA:2,1
DA:15,1
DA:16,1
DA:18,1
DA:19,1
DA:22,1
DA:25,1
DA:29,1
DA:30,4
DA:34,1
DA:35,10
DA:36,10
DA:40,1
DA:41,5
DA:45,1
DA:46,2
DA:47,2
DA:51,1
DA:55,2
DA:56,2
DA:60,1
DA:61,2
LF:23
LH:23
BRF:0
BRH:0
end_of_record
TN:
SF:src/cats/cats.service.spec.ts
FN:14,(anonymous_0)
FN:14,(anonymous_1)
FN:16,(anonymous_2)
FN:33,(anonymous_3)
FN:49,(anonymous_4)
FN:50,(anonymous_5)
FN:61,(anonymous_6)
FN:62,(anonymous_7)
FN:79,(anonymous_8)
FN:87,(anonymous_9)
FN:88,(anonymous_10)
FN:99,(anonymous_11)
FN:107,(anonymous_12)
FN:108,(anonymous_13)
FN:118,(anonymous_14)
FN:119,(anonymous_15)
FN:127,(anonymous_16)
FN:135,(anonymous_17)
FN:136,(anonymous_18)
FN:144,(anonymous_19)
FNF:20
FNH:0
FNDA:0,(anonymous_0)
FNDA:0,(anonymous_1)
FNDA:0,(anonymous_2)
FNDA:0,(anonymous_3)
FNDA:0,(anonymous_4)
FNDA:0,(anonymous_5)
FNDA:0,(anonymous_6)
FNDA:0,(anonymous_7)
FNDA:0,(anonymous_8)
FNDA:0,(anonymous_9)
FNDA:0,(anonymous_10)
FNDA:0,(anonymous_11)
FNDA:0,(anonymous_12)
FNDA:0,(anonymous_13)
FNDA:0,(anonymous_14)
FNDA:0,(anonymous_15)
FNDA:0,(anonymous_16)
FNDA:0,(anonymous_17)
FNDA:0,(anonymous_18)
FNDA:0,(anonymous_19)
DA:1,0
DA:2,0
DA:5,0
DA:8,0
DA:10,0
DA:14,0
DA:16,0
DA:20,0
DA:27,0
DA:33,0
DA:34,0
DA:44,0
DA:45,0
DA:49,0
DA:50,0
DA:51,0
DA:53,0
DA:61,0
DA:62,0
DA:63,0
DA:65,0
DA:71,0
DA:73,0
DA:79,0
DA:80,0
DA:87,0
DA:88,0
DA:89,0
DA:91,0
DA:93,0
DA:99,0
DA:100,0
DA:107,0
DA:108,0
DA:109,0
DA:111,0
DA:113,0
DA:118,0
DA:119,0
DA:120,0
DA:122,0
DA:124,0
DA:127,0
DA:128,0
DA:130,0
DA:135,0
DA:136,0
DA:137,0
DA:139,0
DA:141,0
DA:144,0
DA:145,0
LF:52
LH:0
BRF:0
BRH:0
end_of_record
TN:
SF:src/cats/cats.service.ts
FN:14,(anonymous_4)
FN:19,(anonymous_5)
FN:37,(anonymous_6)
FN:59,(anonymous_7)
FN:74,(anonymous_8)
FN:79,(anonymous_9)
FN:84,(anonymous_10)
FNF:7
FNH:7
FNDA:1,(anonymous_4)
FNDA:4,(anonymous_5)
FNDA:4,(anonymous_6)
FNDA:4,(anonymous_7)
FNDA:8,(anonymous_8)
FNDA:20,(anonymous_9)
FNDA:10,(anonymous_10)
DA:1,1
DA:2,1
DA:3,1
DA:13,1
DA:16,1
DA:20,4
DA:21,4
DA:28,4
DA:30,4
DA:34,4
DA:38,4
DA:39,4
DA:40,2
DA:43,2
DA:50,2
DA:52,2
DA:56,2
DA:60,4
DA:61,4
DA:62,2
DA:65,2
DA:67,2
DA:71,2
DA:75,8
DA:76,8
DA:80,20
DA:81,20
DA:85,10
DA:87,10
DA:88,4
DA:91,6
LF:31
LH:31
BRDA:39,0,0,2
BRDA:61,1,0,2
BRDA:87,2,0,4
BRF:3
BRH:3
end_of_record
TN:
SF:src/cats/gatti.controller.ts
FN:24,(anonymous_4)
FN:30,(anonymous_5)
FN:35,(anonymous_6)
FN:41,(anonymous_7)
FN:46,(anonymous_8)
FN:52,(anonymous_9)
FN:61,(anonymous_10)
FNF:7
FNH:7
FNDA:1,(anonymous_4)
FNDA:4,(anonymous_5)
FNDA:10,(anonymous_6)
FNDA:5,(anonymous_7)
FNDA:2,(anonymous_8)
FNDA:2,(anonymous_9)
FNDA:2,(anonymous_10)
DA:1,1
DA:2,1
DA:16,1
DA:18,1
DA:19,1
DA:20,1
DA:23,1
DA:26,1
DA:30,1
DA:31,4
DA:35,1
DA:36,10
DA:37,10
DA:41,1
DA:42,5
DA:46,1
DA:47,2
DA:48,2
DA:52,1
DA:56,2
DA:57,2
DA:61,1
DA:62,2
LF:23
LH:23
BRF:0
BRH:0
end_of_record
TN:
SF:src/cats/domain/cat.class.ts
FNF:0
FNH:0
DA:3,1
LF:1
LH:1
BRF:0
BRH:0
end_of_record
TN:
SF:src/cats/domain/cats.color.enum.ts
FN:1,(anonymous_0)
FNF:1
FNH:1
FNDA:1,(anonymous_0)
DA:1,1
DA:2,1
DA:3,1
DA:4,1
DA:5,1
DA:6,1
LF:6
LH:6
BRDA:1,0,0,1
BRDA:1,0,1,1
BRF:2
BRH:2
end_of_record
TN:
SF:src/cats/domain/cats.colori.enum.ts
FN:1,(anonymous_0)
FNF:1
FNH:1
FNDA:1,(anonymous_0)
DA:1,1
DA:2,1
DA:3,1
DA:4,1
DA:5,1
DA:6,1
LF:6
LH:6
BRDA:1,0,0,1
BRDA:1,0,1,1
BRF:2
BRH:2
end_of_record
TN:
SF:src/cats/dto/createCat.dto.ts
FNF:0
FNH:0
DA:1,1
DA:2,1
DA:4,1
DA:7,1
DA:11,1
DA:15,1
LF:6
LH:6
BRF:0
BRH:0
end_of_record
TN:
SF:src/cats/dto/createGatto.dto.ts
FNF:0
FNH:0
DA:1,1
DA:2,1
DA:4,1
DA:7,1
DA:11,1
DA:15,1
LF:6
LH:6
BRF:0
BRH:0
end_of_record
TN:
SF:src/cats/dto/filterCatColor.dto.ts
FN:6,(anonymous_2)
FNF:1
FNH:1
FNDA:11,(anonymous_2)
DA:1,1
DA:2,1
DA:3,1
DA:5,1
DA:6,11
DA:9,1
LF:6
LH:6
BRF:0
BRH:0
end_of_record
TN:
SF:src/cats/dto/filterCatColori.dto.ts
FN:6,(anonymous_2)
FNF:1
FNH:1
FNDA:11,(anonymous_2)
DA:1,1
DA:2,1
DA:3,1
DA:5,1
DA:6,11
DA:9,1
LF:6
LH:6
BRF:0
BRH:0
end_of_record
TN:
SF:src/cats/dto/map/mapCat.ts
FN:4,mapCat
FNF:1
FNH:1
FNDA:4,mapCat
DA:4,1
DA:5,4
LF:2
LH:2
BRF:0
BRH:0
end_of_record
TN:
SF:src/cats/dto/map/mapCatColor.ts
FN:5,mapCatColor
FNF:1
FNH:1
FNDA:10,mapCatColor
DA:1,1
DA:5,1
DA:6,10
DA:8,3
DA:11,3
DA:14,0
DA:17,4
DA:20,0
LF:8
LH:6
BRDA:6,0,0,3
BRDA:6,0,1,3
BRDA:6,0,2,0
BRDA:6,0,3,4
BRDA:6,0,4,0
BRF:5
BRH:3
end_of_record
TN:
SF:src/cats/dto/map/mapCatColori.ts
FN:5,mapCatColori
FNF:1
FNH:1
FNDA:14,mapCatColori
DA:1,1
DA:2,1
DA:5,1
DA:6,14
DA:8,4
DA:11,4
DA:14,0
DA:17,6
DA:20,0
LF:9
LH:7
BRDA:6,0,0,4
BRDA:6,0,1,4
BRDA:6,0,2,0
BRDA:6,0,3,6
BRDA:6,0,4,0
BRF:5
BRH:3
end_of_record
TN:
SF:src/cats/dto/map/mapGatto.ts
FN:5,mapGatto
FNF:1
FNH:1
FNDA:4,mapGatto
DA:3,1
DA:5,1
DA:6,4
LF:3
LH:3
BRF:0
BRH:0
end_of_record
TN:
SF:src/cats/exceptions/color-not-found.exception.ts
FN:4,(anonymous_0)
FNF:1
FNH:0
FNDA:0,(anonymous_0)
DA:1,0
DA:3,0
DA:5,0
LF:3
LH:0
BRF:0
BRH:0
end_of_record
TN:
SF:src/cats/repo/catsFake.repository.ts
FN:7,(anonymous_1)
FN:10,(anonymous_2)
FN:14,(anonymous_3)
FN:15,(anonymous_4)
FN:21,(anonymous_5)
FN:22,(anonymous_6)
FN:25,(anonymous_7)
FN:29,(anonymous_8)
FN:30,(anonymous_9)
FN:33,(anonymous_10)
FN:34,(anonymous_11)
FNF:11
FNH:0
FNDA:0,(anonymous_1)
FNDA:0,(anonymous_2)
FNDA:0,(anonymous_3)
FNDA:0,(anonymous_4)
FNDA:0,(anonymous_5)
FNDA:0,(anonymous_6)
FNDA:0,(anonymous_7)
FNDA:0,(anonymous_8)
FNDA:0,(anonymous_9)
FNDA:0,(anonymous_10)
FNDA:0,(anonymous_11)
DA:1,0
DA:7,0
DA:8,0
DA:11,0
DA:15,0
DA:16,0
DA:18,0
DA:22,0
DA:26,0
DA:30,0
DA:34,0
LF:11
LH:0
BRDA:16,0,0,0
BRF:1
BRH:0
end_of_record
TN:
SF:src/cats/repo/catsInMemory.repository.ts
FN:7,(anonymous_1)
FN:11,(anonymous_2)
FN:18,(anonymous_3)
FN:23,(anonymous_4)
FN:33,(anonymous_5)
FN:42,(anonymous_6)
FN:46,(anonymous_7)
FN:50,(anonymous_8)
FN:55,(anonymous_9)
FN:56,(anonymous_10)
FNF:10
FNH:0
FNDA:0,(anonymous_1)
FNDA:0,(anonymous_2)
FNDA:0,(anonymous_3)
FNDA:0,(anonymous_4)
FNDA:0,(anonymous_5)
FNDA:0,(anonymous_6)
FNDA:0,(anonymous_7)
FNDA:0,(anonymous_8)
FNDA:0,(anonymous_9)
FNDA:0,(anonymous_10)
DA:1,0
DA:7,0
DA:8,0
DA:9,0
DA:12,0
DA:13,0
DA:15,0
DA:19,0
DA:20,0
DA:24,0
DA:26,0
DA:27,0
DA:30,0
DA:34,0
DA:36,0
DA:38,0
DA:39,0
DA:43,0
DA:47,0
DA:51,0
DA:52,0
DA:54,0
DA:55,0
DA:56,0
LF:24
LH:0
BRDA:12,0,0,0
BRDA:26,1,0,0
BRDA:36,2,0,0
BRDA:52,3,0,0
BRF:4
BRH:0
end_of_record
TN:
SF:src/cats/repo/catsMongo.repository.ts
FN:12,(anonymous_4)
FN:17,(anonymous_5)
FN:21,(anonymous_6)
FN:25,(anonymous_7)
FN:29,(anonymous_8)
FN:32,(anonymous_9)
FN:35,(anonymous_10)
FN:45,(anonymous_11)
FN:48,(anonymous_12)
FN:51,(anonymous_13)
FNF:10
FNH:10
FNDA:1,(anonymous_4)
FNDA:4,(anonymous_5)
FNDA:2,(anonymous_6)
FNDA:2,(anonymous_7)
FNDA:8,(anonymous_8)
FNDA:8,(anonymous_9)
FNDA:18,(anonymous_10)
FNDA:20,(anonymous_11)
FNDA:12,(anonymous_12)
FNDA:30,(anonymous_13)
DA:1,1
DA:2,1
DA:3,1
DA:5,1
DA:11,1
DA:14,1
DA:18,4
DA:22,2
DA:26,2
DA:30,8
DA:32,8
DA:36,18
DA:38,18
DA:39,8
DA:42,10
DA:46,20
DA:48,20
DA:52,30
LF:18
LH:18
BRDA:38,0,0,8
BRF:1
BRH:1
end_of_record
TN:
SF:src/cats/schemas/cat.schema.ts
FNF:0
FNH:0
DA:1,1
DA:7,1
DA:9,1
DA:12,1
DA:15,1
DA:18,1
DA:20,1
LF:7
LH:7
BRF:0
BRH:0
end_of_record
